<?xml version="1.0" encoding="UTF-8"?>
<!-- Generated by org.testng.reporters.JUnitXMLReporter -->
<testsuite hostname="ASHISH-PC" name="Test" tests="5" failures="0" timestamp="11 Jan 2018 04:11:25 GMT" time="0.094" errors="0">
  <testcase name="@BeforeClass beforeClassConfig" time="0.0" classname="pack1.test">
    <failure type="java.lang.IllegalStateException" message="The path to the driver executable must be set by the webdriver.chrome.driver system property; for more information, see https://github.com/SeleniumHQ/selenium/wiki/ChromeDriver. The latest version can be downloaded from http://chromedriver.storage.googleapis.com/index.html">
      <![CDATA[java.lang.IllegalStateException: The path to the driver executable must be set by the webdriver.chrome.driver system property; for more information, see https://github.com/SeleniumHQ/selenium/wiki/ChromeDriver. The latest version can be downloaded from http://chromedriver.storage.googleapis.com/index.html
	at com.google.common.base.Preconditions.checkState(Preconditions.java:199)
	at org.openqa.selenium.remote.service.DriverService.findExecutable(DriverService.java:109)
	at org.openqa.selenium.chrome.ChromeDriverService.access$000(ChromeDriverService.java:32)
	at org.openqa.selenium.chrome.ChromeDriverService$Builder.findDefaultExecutable(ChromeDriverService.java:137)
	at org.openqa.selenium.remote.service.DriverService$Builder.build(DriverService.java:296)
	at org.openqa.selenium.chrome.ChromeDriverService.createDefaultService(ChromeDriverService.java:88)
	at org.openqa.selenium.chrome.ChromeDriver.<init>(ChromeDriver.java:116)
	at com.ecomm.shopclues.genlibraries.BaseClass.beforeClassConfig(BaseClass.java:34)
... Removed 24 stack frames]]>
    </failure>
  </testcase> <!-- @BeforeClass beforeClassConfig -->
  <testcase name="@AfterClass afterClassConfig" time="0.0" classname="pack1.test">
    <skipped/>
  </testcase> <!-- @AfterClass afterClassConfig -->
  <testcase name="test1" time="0.005" classname="pack1.test">
    <skipped/>
  </testcase> <!-- test1 -->
  <testcase name="test1" time="0.003" classname="pack1.test">
    <skipped/>
  </testcase> <!-- test1 -->
  <testcase name="test1" time="0.003" classname="pack1.test">
    <skipped/>
  </testcase> <!-- test1 -->
  <testcase name="test1" time="0.001" classname="pack1.test">
    <skipped/>
  </testcase> <!-- test1 -->
  <testcase name="test1" time="0.001" classname="pack1.test">
    <skipped/>
  </testcase> <!-- test1 -->
</testsuite> <!-- Test -->
